FW_SR_PARALLEL, 4096, 32, 55.5676
FW_SR_PARALLEL, 4096, 32, 29.6909
FW_SR_PARALLEL, 4096, 32, 29.8002
FW_SR_PARALLEL, 4096, 32, 30.8602
FW_SR_PARALLEL, 4096, 32, 30.8816
FW_SR_PARALLEL, 4096, 32, 31.3926
FW_SR_PARALLEL, 4096, 32, 34.7187
FW_SR_PARALLEL, 4096, 64, 41.7395
FW_SR_PARALLEL, 4096, 64, 22.0359
FW_SR_PARALLEL, 4096, 64, 22.1596
FW_SR_PARALLEL, 4096, 64, 23.0961
FW_SR_PARALLEL, 4096, 64, 23.8200
FW_SR_PARALLEL, 4096, 64, 25.2456
FW_SR_PARALLEL, 4096, 64, 26.6503
FW_SR_PARALLEL, 4096, 128, 37.0780
FW_SR_PARALLEL, 4096, 128, 22.0665
FW_SR_PARALLEL, 4096, 128, 22.9675
FW_SR_PARALLEL, 4096, 128, 23.3332
FW_SR_PARALLEL, 4096, 128, 23.2980
FW_SR_PARALLEL, 4096, 128, 24.7985
FW_SR_PARALLEL, 4096, 128, 25.5255
FW_SR_PARALLEL, 4096, 256, 45.8344
FW_SR_PARALLEL, 4096, 256, 25.9819
FW_SR_PARALLEL, 4096, 256, 26.4284
FW_SR_PARALLEL, 4096, 256, 26.5732
FW_SR_PARALLEL, 4096, 256, 26.5380
FW_SR_PARALLEL, 4096, 256, 27.3473
FW_SR_PARALLEL, 4096, 256, 29.3054
FW_SR_PARALLEL, 4096, 512, 42.4511
FW_SR_PARALLEL, 4096, 512, 26.3681
FW_SR_PARALLEL, 4096, 512, 27.3483
FW_SR_PARALLEL, 4096, 512, 26.8156
FW_SR_PARALLEL, 4096, 512, 27.3939
FW_SR_PARALLEL, 4096, 512, 27.4279
FW_SR_PARALLEL, 4096, 512, 28.5368
FW_SR_PARALLEL, 4096, 1024, 45.6372
FW_SR_PARALLEL, 4096, 1024, 33.6353
FW_SR_PARALLEL, 4096, 1024, 33.6198
FW_SR_PARALLEL, 4096, 1024, 34.3189
FW_SR_PARALLEL, 4096, 1024, 34.7781
FW_SR_PARALLEL, 4096, 1024, 34.9726
FW_SR_PARALLEL, 4096, 1024, 34.8905