FW_SR_PARALLEL, 2048, 16, 10.1771
FW_SR_PARALLEL, 2048, 16, 5.4327
FW_SR_PARALLEL, 2048, 16, 5.7465
FW_SR_PARALLEL, 2048, 16, 6.1627
FW_SR_PARALLEL, 2048, 16, 6.3558
FW_SR_PARALLEL, 2048, 16, 6.3479
FW_SR_PARALLEL, 2048, 16, 7.4811
FW_SR_PARALLEL, 2048, 32, 6.8037
FW_SR_PARALLEL, 2048, 32, 3.5895
FW_SR_PARALLEL, 2048, 32, 3.7390
FW_SR_PARALLEL, 2048, 32, 3.9355
FW_SR_PARALLEL, 2048, 32, 3.8186
FW_SR_PARALLEL, 2048, 32, 3.9542
FW_SR_PARALLEL, 2048, 32, 4.6908
FW_SR_PARALLEL, 2048, 64, 5.2438
FW_SR_PARALLEL, 2048, 64, 2.9315
FW_SR_PARALLEL, 2048, 64, 3.0299
FW_SR_PARALLEL, 2048, 64, 3.3291
FW_SR_PARALLEL, 2048, 64, 3.1543
FW_SR_PARALLEL, 2048, 64, 3.5053
FW_SR_PARALLEL, 2048, 64, 4.3685
FW_SR_PARALLEL, 2048, 128, 4.8460
FW_SR_PARALLEL, 2048, 128, 3.2085
FW_SR_PARALLEL, 2048, 128, 3.3749
FW_SR_PARALLEL, 2048, 128, 3.4306
FW_SR_PARALLEL, 2048, 128, 3.7250
FW_SR_PARALLEL, 2048, 128, 3.7149
FW_SR_PARALLEL, 2048, 128, 4.0279
FW_SR_PARALLEL, 2048, 256, 5.5889
FW_SR_PARALLEL, 2048, 256, 3.6464
FW_SR_PARALLEL, 2048, 256, 3.6851
FW_SR_PARALLEL, 2048, 256, 3.8778
FW_SR_PARALLEL, 2048, 256, 3.8498
FW_SR_PARALLEL, 2048, 256, 4.3043
FW_SR_PARALLEL, 2048, 256, 4.5881
FW_SR_PARALLEL, 2048, 512, 6.0454
FW_SR_PARALLEL, 2048, 512, 4.3870
FW_SR_PARALLEL, 2048, 512, 4.4542
FW_SR_PARALLEL, 2048, 512, 4.4501
FW_SR_PARALLEL, 2048, 512, 4.4694
FW_SR_PARALLEL, 2048, 512, 4.5420
FW_SR_PARALLEL, 2048, 512, 5.0843