FW_SR_PARALLEL, 1024, 16, 1.3169
FW_SR_PARALLEL, 1024, 16, 0.7302
FW_SR_PARALLEL, 1024, 16, 0.8593
FW_SR_PARALLEL, 1024, 16, 0.8338
FW_SR_PARALLEL, 1024, 16, 0.8945
FW_SR_PARALLEL, 1024, 16, 0.9272
FW_SR_PARALLEL, 1024, 16, 1.1013
FW_SR_PARALLEL, 1024, 32, 0.8677
FW_SR_PARALLEL, 1024, 32, 0.5003
FW_SR_PARALLEL, 1024, 32, 0.5200
FW_SR_PARALLEL, 1024, 32, 0.5463
FW_SR_PARALLEL, 1024, 32, 0.5600
FW_SR_PARALLEL, 1024, 32, 0.6007
FW_SR_PARALLEL, 1024, 32, 0.8379
FW_SR_PARALLEL, 1024, 64, 0.7808
FW_SR_PARALLEL, 1024, 64, 0.4515
FW_SR_PARALLEL, 1024, 64, 0.4050
FW_SR_PARALLEL, 1024, 64, 0.4189
FW_SR_PARALLEL, 1024, 64, 0.4715
FW_SR_PARALLEL, 1024, 64, 0.5858
FW_SR_PARALLEL, 1024, 64, 0.6997
FW_SR_PARALLEL, 1024, 128, 0.7635
FW_SR_PARALLEL, 1024, 128, 0.5563
FW_SR_PARALLEL, 1024, 128, 0.5763
FW_SR_PARALLEL, 1024, 128, 0.5830
FW_SR_PARALLEL, 1024, 128, 0.5814
FW_SR_PARALLEL, 1024, 128, 0.5871
FW_SR_PARALLEL, 1024, 128, 0.7677
FW_SR_PARALLEL, 1024, 256, 0.9124
FW_SR_PARALLEL, 1024, 256, 0.6312
FW_SR_PARALLEL, 1024, 256, 0.6905
FW_SR_PARALLEL, 1024, 256, 0.6089
FW_SR_PARALLEL, 1024, 256, 0.6139
FW_SR_PARALLEL, 1024, 256, 0.7390
FW_SR_PARALLEL, 1024, 256, 0.7872
FW_SR_PARALLEL, 1024, 512, 1.0433
FW_SR_PARALLEL, 1024, 512, 0.8283
FW_SR_PARALLEL, 1024, 512, 0.8798
FW_SR_PARALLEL, 1024, 512, 0.8799
FW_SR_PARALLEL, 1024, 512, 0.8869
FW_SR_PARALLEL, 1024, 512, 0.9167
FW_SR_PARALLEL, 1024, 512, 1.0041