FW_SR_PARALLEL, 2048, 16, 10.0982
FW_SR_PARALLEL, 2048, 16, 5.3644
FW_SR_PARALLEL, 2048, 16, 5.7948
FW_SR_PARALLEL, 2048, 16, 5.7526
FW_SR_PARALLEL, 2048, 16, 6.1582
FW_SR_PARALLEL, 2048, 16, 6.5083
FW_SR_PARALLEL, 2048, 16, 7.4811
FW_SR_PARALLEL, 2048, 32, 7.2670
FW_SR_PARALLEL, 2048, 32, 3.6088
FW_SR_PARALLEL, 2048, 32, 3.7951
FW_SR_PARALLEL, 2048, 32, 3.9469
FW_SR_PARALLEL, 2048, 32, 3.8186
FW_SR_PARALLEL, 2048, 32, 3.9542
FW_SR_PARALLEL, 2048, 32, 4.6908
FW_SR_PARALLEL, 2048, 64, 5.3210
FW_SR_PARALLEL, 2048, 64, 3.0093
FW_SR_PARALLEL, 2048, 64, 3.0659
FW_SR_PARALLEL, 2048, 64, 3.2806
FW_SR_PARALLEL, 2048, 64, 3.2781
FW_SR_PARALLEL, 2048, 64, 3.6020
FW_SR_PARALLEL, 2048, 64, 4.3776
FW_SR_PARALLEL, 2048, 128, 4.8460
FW_SR_PARALLEL, 2048, 128, 3.2085
FW_SR_PARALLEL, 2048, 128, 3.3997
FW_SR_PARALLEL, 2048, 128, 3.5267
FW_SR_PARALLEL, 2048, 128, 3.7859
FW_SR_PARALLEL, 2048, 128, 3.7149
FW_SR_PARALLEL, 2048, 128, 4.0279
FW_SR_PARALLEL, 2048, 256, 5.5891
FW_SR_PARALLEL, 2048, 256, 3.7857
FW_SR_PARALLEL, 2048, 256, 3.8354
FW_SR_PARALLEL, 2048, 256, 3.7696
FW_SR_PARALLEL, 2048, 256, 3.8262
FW_SR_PARALLEL, 2048, 256, 4.5878
FW_SR_PARALLEL, 2048, 256, 4.5881
FW_SR_PARALLEL, 2048, 512, 6.3393
FW_SR_PARALLEL, 2048, 512, 4.5834
FW_SR_PARALLEL, 2048, 512, 4.4757
FW_SR_PARALLEL, 2048, 512, 4.7350
FW_SR_PARALLEL, 2048, 512, 4.4943
FW_SR_PARALLEL, 2048, 512, 4.6755
FW_SR_PARALLEL, 2048, 512, 5.0529
