FW_SR_PARALLEL, 4096, 32, 55.5837
FW_SR_PARALLEL, 4096, 32, 28.8192
FW_SR_PARALLEL, 4096, 32, 30.0266
FW_SR_PARALLEL, 4096, 32, 29.8815
FW_SR_PARALLEL, 4096, 32, 31.1620
FW_SR_PARALLEL, 4096, 32, 31.3926
FW_SR_PARALLEL, 4096, 32, 34.7187
FW_SR_PARALLEL, 4096, 64, 41.6225
FW_SR_PARALLEL, 4096, 64, 22.2726
FW_SR_PARALLEL, 4096, 64, 23.4880
FW_SR_PARALLEL, 4096, 64, 23.9346
FW_SR_PARALLEL, 4096, 64, 24.1524
FW_SR_PARALLEL, 4096, 64, 26.0070
FW_SR_PARALLEL, 4096, 64, 26.9833
FW_SR_PARALLEL, 4096, 128, 36.9180
FW_SR_PARALLEL, 4096, 128, 22.3638
FW_SR_PARALLEL, 4096, 128, 22.3836
FW_SR_PARALLEL, 4096, 128, 22.7401
FW_SR_PARALLEL, 4096, 128, 23.8396
FW_SR_PARALLEL, 4096, 128, 24.6468
FW_SR_PARALLEL, 4096, 128, 25.5255
FW_SR_PARALLEL, 4096, 256, 44.0518
FW_SR_PARALLEL, 4096, 256, 25.7387
FW_SR_PARALLEL, 4096, 256, 26.8127
FW_SR_PARALLEL, 4096, 256, 26.6206
FW_SR_PARALLEL, 4096, 256, 26.9424
FW_SR_PARALLEL, 4096, 256, 27.0948
FW_SR_PARALLEL, 4096, 256, 29.1313
FW_SR_PARALLEL, 4096, 512, 41.1702
FW_SR_PARALLEL, 4096, 512, 26.3616
FW_SR_PARALLEL, 4096, 512, 26.5232
FW_SR_PARALLEL, 4096, 512, 26.7286
FW_SR_PARALLEL, 4096, 512, 27.0735
FW_SR_PARALLEL, 4096, 512, 27.6680
FW_SR_PARALLEL, 4096, 512, 27.5976
FW_SR_PARALLEL, 4096, 1024, 45.5712
FW_SR_PARALLEL, 4096, 1024, 33.6353
FW_SR_PARALLEL, 4096, 1024, 34.1380
FW_SR_PARALLEL, 4096, 1024, 34.3163
FW_SR_PARALLEL, 4096, 1024, 35.5456
