FW_SR_PARALLEL, 1024, 16, 1.3169
FW_SR_PARALLEL, 1024, 16, 0.7302
FW_SR_PARALLEL, 1024, 16, 0.8593
FW_SR_PARALLEL, 1024, 16, 0.8767
FW_SR_PARALLEL, 1024, 16, 0.9730
FW_SR_PARALLEL, 1024, 16, 0.9272
FW_SR_PARALLEL, 1024, 16, 1.1013
FW_SR_PARALLEL, 1024, 32, 0.9744
FW_SR_PARALLEL, 1024, 32, 0.5022
FW_SR_PARALLEL, 1024, 32, 0.5389
FW_SR_PARALLEL, 1024, 32, 0.5588
FW_SR_PARALLEL, 1024, 32, 0.5600
FW_SR_PARALLEL, 1024, 32, 0.6787
FW_SR_PARALLEL, 1024, 32, 0.8379
FW_SR_PARALLEL, 1024, 64, 0.7808
FW_SR_PARALLEL, 1024, 64, 0.4545
FW_SR_PARALLEL, 1024, 64, 0.4855
FW_SR_PARALLEL, 1024, 64, 0.5452
FW_SR_PARALLEL, 1024, 64, 0.5575
FW_SR_PARALLEL, 1024, 64, 0.5858
FW_SR_PARALLEL, 1024, 64, 0.6997
FW_SR_PARALLEL, 1024, 128, 0.7628
FW_SR_PARALLEL, 1024, 128, 0.5549
FW_SR_PARALLEL, 1024, 128, 0.5625
FW_SR_PARALLEL, 1024, 128, 0.5932
FW_SR_PARALLEL, 1024, 128, 0.5898
FW_SR_PARALLEL, 1024, 128, 0.6263
FW_SR_PARALLEL, 1024, 128, 0.7677
FW_SR_PARALLEL, 1024, 256, 0.9156
FW_SR_PARALLEL, 1024, 256, 0.6640
FW_SR_PARALLEL, 1024, 256, 0.6512
FW_SR_PARALLEL, 1024, 256, 0.6482
FW_SR_PARALLEL, 1024, 256, 0.6427
FW_SR_PARALLEL, 1024, 256, 0.7232
FW_SR_PARALLEL, 1024, 256, 0.7862
FW_SR_PARALLEL, 1024, 512, 1.0429
FW_SR_PARALLEL, 1024, 512, 0.8900
FW_SR_PARALLEL, 1024, 512, 0.8813
FW_SR_PARALLEL, 1024, 512, 0.8454
FW_SR_PARALLEL, 1024, 512, 0.8888
FW_SR_PARALLEL, 1024, 512, 0.8770
FW_SR_PARALLEL, 1024, 512, 1.0103
